2025-06-03 06:15:21,616 - INFO - 사용 중인 배당 수익률 임계값: 3.0 (기본값)
2025-06-03 06:15:21,616 - INFO - 사용 중인 NASDAQ API URL: https://api.nasdaq.com/api/calendar/dividends (기본값)
2025-06-03 06:15:30,392 - INFO - 사용 중인 배당 수익률 임계값: 3.0 (기본값)
2025-06-03 06:15:30,392 - INFO - 사용 중인 NASDAQ API URL: https://api.nasdaq.com/api/calendar/dividends (기본값)
2025-06-03 06:15:30,415 - ERROR - 목표일 계산 오류: __init__() got an unexpected keyword argument 'calendar'
2025-06-03 06:15:30,422 - WARNING - 유효한 종가 데이터 없음 (all NaN): AAPL
2025-06-03 06:15:30,423 - WARNING - 주가 데이터 없음 (hist empty): MSFT
2025-06-03 06:15:30,423 - ERROR - 주가 정보 조회 중 오류 발생 (GOOG): API error
2025-06-03 06:15:30,425 - INFO - 수익률 기준 미달 (TEST, DIVIDEND_YIELD_THRESHOLD=3.0%): 2.00%
2025-06-03 06:15:30,426 - WARNING - 필수 데이터 누락 또는 빈 값: TEST
2025-06-03 06:15:30,427 - WARNING - 배당락일 형식 오류 (TEST): INVALID_DATE - Unknown datetime string format, unable to parse: INVALID_DATE, at position 0
2025-06-03 06:15:30,428 - INFO - 수익률 기준 미달 (TEST, DIVIDEND_YIELD_THRESHOLD=3.0%): 0.00%
2025-06-03 06:15:30,428 - INFO - 수익률 기준 미달 (TEST, DIVIDEND_YIELD_THRESHOLD=3.0%): 0.00%
2025-06-03 06:15:45,049 - INFO - 사용 중인 배당 수익률 임계값: 3.0 (기본값)
2025-06-03 06:15:45,049 - INFO - 사용 중인 NASDAQ API URL: https://api.nasdaq.com/api/calendar/dividends (기본값)
2025-06-03 06:15:45,848 - WARNING - 유효한 종가 데이터 없음 (all NaN): AAPL
2025-06-03 06:15:45,849 - WARNING - 주가 데이터 없음 (hist empty): MSFT
2025-06-03 06:15:45,849 - ERROR - 주가 정보 조회 중 오류 발생 (GOOG): API error
2025-06-03 06:15:45,852 - INFO - 수익률 기준 미달 (TEST, DIVIDEND_YIELD_THRESHOLD=3.0%): 2.00%
2025-06-03 06:15:45,852 - WARNING - 필수 데이터 누락 또는 빈 값: TEST
2025-06-03 06:15:45,853 - WARNING - 배당락일 형식 오류 (TEST): INVALID_DATE - Unknown datetime string format, unable to parse: INVALID_DATE, at position 0
2025-06-03 06:15:45,854 - INFO - 수익률 기준 미달 (TEST, DIVIDEND_YIELD_THRESHOLD=3.0%): 0.00%
2025-06-03 06:15:45,855 - INFO - 수익률 기준 미달 (TEST, DIVIDEND_YIELD_THRESHOLD=3.0%): 0.00%
2025-06-03 06:16:32,807 - INFO - 사용 중인 배당 수익률 임계값: 3.0 (기본값)
2025-06-03 06:16:32,808 - INFO - 사용 중인 NASDAQ API URL: https://api.nasdaq.com/api/calendar/dividends (기본값)
2025-06-03 06:16:32,842 - INFO - 47일의 공휴일이 로드되었습니다 (연방 공휴일 + 추가된 주식 시장 공휴일).
2025-06-03 06:16:32,854 - WARNING - 유효한 종가 데이터 없음 (all NaN): AAPL
2025-06-03 06:16:32,854 - WARNING - 주가 데이터 없음 (hist empty): MSFT
2025-06-03 06:16:32,855 - ERROR - 주가 정보 조회 중 오류 발생 (GOOG): API error
2025-06-03 06:16:32,857 - INFO - 수익률 기준 미달 (TEST, DIVIDEND_YIELD_THRESHOLD=3.0%): 2.00%
2025-06-03 06:16:32,857 - WARNING - 필수 데이터 누락 또는 빈 값: TEST
2025-06-03 06:16:32,858 - WARNING - 배당락일 형식 오류 (TEST): INVALID_DATE - Unknown datetime string format, unable to parse: INVALID_DATE, at position 0
2025-06-03 06:16:32,859 - INFO - 수익률 기준 미달 (TEST, DIVIDEND_YIELD_THRESHOLD=3.0%): 0.00%
2025-06-03 06:16:32,860 - INFO - 수익률 기준 미달 (TEST, DIVIDEND_YIELD_THRESHOLD=3.0%): 0.00%
